<?xml version="1.0" encoding="UTF-8"?>
<coverage generated="1669088493129" clover="3.2.0">
  <project timestamp="1669088493129" name="All files">
    <metrics statements="33" coveredstatements="21" conditionals="17" coveredconditionals="9" methods="11" coveredmethods="7" elements="61" coveredelements="37" complexity="0" loc="33" ncloc="33" packages="3" files="3" classes="3"/>
    <package name="Link">
      <metrics statements="8" coveredstatements="8" conditionals="2" coveredconditionals="1" methods="3" coveredmethods="3"/>
      <file name="index.tsx" path="/Users/chenwei/Desktop/FZ/code/FZReactProject/src/pages/Link/index.tsx">
        <metrics statements="8" coveredstatements="8" conditionals="2" coveredconditionals="1" methods="3" coveredmethods="3"/>
        <line num="4" count="1" type="stmt"/>
        <line num="10" count="3" type="stmt"/>
        <line num="11" count="3" type="stmt"/>
        <line num="13" count="3" type="stmt"/>
        <line num="14" count="1" type="stmt"/>
        <line num="17" count="3" type="stmt"/>
        <line num="18" count="1" type="stmt"/>
        <line num="21" count="3" type="stmt"/>
      </file>
    </package>
    <package name="MyPage">
      <metrics statements="14" coveredstatements="7" conditionals="8" coveredconditionals="4" methods="3" coveredmethods="1"/>
      <file name="index.tsx" path="/Users/chenwei/Desktop/FZ/code/FZReactProject/src/pages/MyPage/index.tsx">
        <metrics statements="14" coveredstatements="7" conditionals="8" coveredconditionals="4" methods="3" coveredmethods="1"/>
        <line num="2" count="1" type="stmt"/>
        <line num="3" count="3" type="cond" truecount="2" falsecount="0"/>
        <line num="4" count="1" type="stmt"/>
        <line num="5" count="2" type="cond" truecount="2" falsecount="0"/>
        <line num="6" count="1" type="stmt"/>
        <line num="8" count="1" type="stmt"/>
        <line num="11" count="1" type="stmt"/>
        <line num="12" count="0" type="stmt"/>
        <line num="13" count="0" type="cond" truecount="0" falsecount="2"/>
        <line num="14" count="0" type="stmt"/>
        <line num="15" count="0" type="cond" truecount="0" falsecount="2"/>
        <line num="16" count="0" type="stmt"/>
        <line num="18" count="0" type="stmt"/>
        <line num="21" count="0" type="stmt"/>
      </file>
    </package>
    <package name="TestUnitLearn.TodoHeader">
      <metrics statements="11" coveredstatements="6" conditionals="7" coveredconditionals="4" methods="5" coveredmethods="3"/>
      <file name="index.tsx" path="/Users/chenwei/Desktop/FZ/code/FZReactProject/src/pages/TestUnitLearn/TodoHeader/index.tsx">
        <metrics statements="11" coveredstatements="6" conditionals="7" coveredconditionals="4" methods="5" coveredmethods="3"/>
        <line num="38" count="1" type="stmt"/>
        <line num="40" count="1" type="stmt"/>
        <line num="41" count="1" type="stmt"/>
        <line num="44" count="1" type="stmt"/>
        <line num="45" count="1" type="cond" truecount="1" falsecount="1"/>
        <line num="46" count="0" type="stmt"/>
        <line num="47" count="0" type="stmt"/>
        <line num="48" count="0" type="stmt"/>
        <line num="53" count="1" type="stmt"/>
        <line num="69" count="0" type="stmt"/>
        <line num="70" count="0" type="stmt"/>
      </file>
    </package>
  </project>
</coverage>
