TN:
SF:src/pages/Link/index.tsx
FN:9,Link
FN:13,(anonymous_1)
FN:17,(anonymous_2)
FNF:3
FNH:3
FNDA:3,Link
FNDA:1,(anonymous_1)
FNDA:1,(anonymous_2)
DA:4,1
DA:10,3
DA:11,3
DA:13,3
DA:14,1
DA:17,3
DA:18,1
DA:21,3
LF:8
LH:8
BRDA:24,0,0,3
BRDA:24,0,1,0
BRF:2
BRH:1
end_of_record
TN:
SF:src/pages/MyPage/index.tsx
FN:2,(anonymous_0)
FN:11,(anonymous_1)
FN:12,(anonymous_2)
FNF:3
FNH:1
FNDA:3,(anonymous_0)
FNDA:0,(anonymous_1)
FNDA:0,(anonymous_2)
DA:2,1
DA:3,3
DA:4,1
DA:5,2
DA:6,1
DA:8,1
DA:11,1
DA:12,0
DA:13,0
DA:14,0
DA:15,0
DA:16,0
DA:18,0
DA:21,0
LF:14
LH:7
BRDA:3,0,0,1
BRDA:3,0,1,2
BRDA:5,1,0,1
BRDA:5,1,1,1
BRDA:13,2,0,0
BRDA:13,2,1,0
BRDA:15,3,0,0
BRDA:15,3,1,0
BRF:8
BRH:4
end_of_record
TN:
SF:src/pages/TestUnitLearn/TodoHeader/index.tsx
FN:28,TodoHeader
FN:40,(anonymous_1)
FN:44,(anonymous_2)
FN:46,(anonymous_3)
FN:68,(anonymous_4)
FNF:5
FNH:3
FNDA:1,TodoHeader
FNDA:1,(anonymous_1)
FNDA:1,(anonymous_2)
FNDA:0,(anonymous_3)
FNDA:0,(anonymous_4)
DA:38,1
DA:40,1
DA:41,1
DA:44,1
DA:45,1
DA:46,0
DA:47,0
DA:48,0
DA:53,1
DA:69,0
DA:70,0
LF:11
LH:6
BRDA:32,0,0,1
BRDA:45,1,0,0
BRDA:45,1,1,1
BRDA:55,2,0,1
BRDA:55,2,1,0
BRDA:59,3,0,0
BRDA:59,3,1,1
BRF:7
BRH:4
end_of_record
